\BOOKMARK [0][-]{chapter.1}{\376\377\0001\000\040\000H\000i\000e\000r\000a\000r\000c\000h\000i\000c\000a\000l\000\040\000I\000n\000d\000e\000x}{}% 1
\BOOKMARK [1][-]{section.1.1}{\376\377\0001\000.\0001\000\040\000C\000l\000a\000s\000s\000\040\000H\000i\000e\000r\000a\000r\000c\000h\000y}{chapter.1}% 2
\BOOKMARK [0][-]{chapter.2}{\376\377\0002\000\040\000C\000l\000a\000s\000s\000\040\000I\000n\000d\000e\000x}{}% 3
\BOOKMARK [1][-]{section.2.1}{\376\377\0002\000.\0001\000\040\000C\000l\000a\000s\000s\000\040\000L\000i\000s\000t}{chapter.2}% 4
\BOOKMARK [0][-]{chapter.3}{\376\377\0003\000\040\000C\000l\000a\000s\000s\000\040\000D\000o\000c\000u\000m\000e\000n\000t\000a\000t\000i\000o\000n}{}% 5
\BOOKMARK [1][-]{section.3.1}{\376\377\0003\000.\0001\000\040\000A\000r\000c\000a\000d\000e\000:\000:\000A\000l\000l\000e\000g\000r\000o\000\040\000C\000l\000a\000s\000s\000\040\000R\000e\000f\000e\000r\000e\000n\000c\000e}{chapter.3}% 6
\BOOKMARK [1][-]{section.3.2}{\376\377\0003\000.\0002\000\040\000A\000r\000c\000a\000d\000e\000A\000p\000p\000l\000i\000c\000a\000t\000i\000o\000n\000\040\000C\000l\000a\000s\000s\000\040\000R\000e\000f\000e\000r\000e\000n\000c\000e}{chapter.3}% 7
\BOOKMARK [1][-]{section.3.3}{\376\377\0003\000.\0003\000\040\000A\000r\000c\000a\000d\000e\000:\000:\000C\000o\000l\000o\000r\000\040\000S\000t\000r\000u\000c\000t\000\040\000R\000e\000f\000e\000r\000e\000n\000c\000e}{chapter.3}% 8
\BOOKMARK [1][-]{section.3.4}{\376\377\0003\000.\0004\000\040\000A\000r\000c\000a\000d\000e\000:\000:\000C\000o\000r\000e\000\040\000C\000l\000a\000s\000s\000\040\000R\000e\000f\000e\000r\000e\000n\000c\000e}{chapter.3}% 9
\BOOKMARK [1][-]{section.3.5}{\376\377\0003\000.\0005\000\040\000A\000r\000c\000a\000d\000e\000:\000:\000I\000A\000G\000h\000o\000s\000t\000\040\000C\000l\000a\000s\000s\000\040\000R\000e\000f\000e\000r\000e\000n\000c\000e}{chapter.3}% 10
\BOOKMARK [1][-]{section.3.6}{\376\377\0003\000.\0006\000\040\000A\000r\000c\000a\000d\000e\000:\000:\000I\000G\000a\000m\000e\000\040\000C\000l\000a\000s\000s\000\040\000R\000e\000f\000e\000r\000e\000n\000c\000e}{chapter.3}% 11
\BOOKMARK [1][-]{section.3.7}{\376\377\0003\000.\0007\000\040\000A\000r\000c\000a\000d\000e\000:\000:\000I\000L\000i\000b\000r\000a\000r\000y\000\040\000C\000l\000a\000s\000s\000\040\000R\000e\000f\000e\000r\000e\000n\000c\000e}{chapter.3}% 12
\BOOKMARK [1][-]{section.3.8}{\376\377\0003\000.\0008\000\040\000A\000r\000c\000a\000d\000e\000:\000:\000I\000M\000u\000s\000i\000c\000\040\000C\000l\000a\000s\000s\000\040\000R\000e\000f\000e\000r\000e\000n\000c\000e}{chapter.3}% 13
\BOOKMARK [1][-]{section.3.9}{\376\377\0003\000.\0009\000\040\000A\000r\000c\000a\000d\000e\000:\000:\000L\000i\000b\000C\000a\000c\000a\000\040\000C\000l\000a\000s\000s\000\040\000R\000e\000f\000e\000r\000e\000n\000c\000e}{chapter.3}% 14
\BOOKMARK [1][-]{section.3.10}{\376\377\0003\000.\0001\0000\000\040\000A\000r\000c\000a\000d\000e\000:\000:\000L\000i\000b\000r\000a\000r\000y\000L\000o\000a\000d\000e\000r\000\040\000C\000l\000a\000s\000s\000\040\000R\000e\000f\000e\000r\000e\000n\000c\000e}{chapter.3}% 15
\BOOKMARK [1][-]{section.3.11}{\376\377\0003\000.\0001\0001\000\040\000A\000r\000c\000a\000d\000e\000:\000:\000P\000a\000c\000m\000a\000n\000\040\000C\000l\000a\000s\000s\000\040\000R\000e\000f\000e\000r\000e\000n\000c\000e}{chapter.3}% 16
\BOOKMARK [1][-]{section.3.12}{\376\377\0003\000.\0001\0002\000\040\000A\000r\000c\000a\000d\000e\000:\000:\000P\000i\000x\000e\000l\000\040\000S\000t\000r\000u\000c\000t\000\040\000R\000e\000f\000e\000r\000e\000n\000c\000e}{chapter.3}% 17
\BOOKMARK [1][-]{section.3.13}{\376\377\0003\000.\0001\0003\000\040\000A\000r\000c\000a\000d\000e\000:\000:\000S\000D\000L\000\040\000C\000l\000a\000s\000s\000\040\000R\000e\000f\000e\000r\000e\000n\000c\000e}{chapter.3}% 18
\BOOKMARK [1][-]{section.3.14}{\376\377\0003\000.\0001\0004\000\040\000A\000r\000c\000a\000d\000e\000:\000:\000S\000F\000M\000L\000\040\000C\000l\000a\000s\000s\000\040\000R\000e\000f\000e\000r\000e\000n\000c\000e}{chapter.3}% 19
\BOOKMARK [1][-]{section.3.15}{\376\377\0003\000.\0001\0005\000\040\000A\000r\000c\000a\000d\000e\000:\000:\000S\000n\000a\000k\000e\000\040\000C\000l\000a\000s\000s\000\040\000R\000e\000f\000e\000r\000e\000n\000c\000e}{chapter.3}% 20
\BOOKMARK [1][-]{section.3.16}{\376\377\0003\000.\0001\0006\000\040\000A\000r\000c\000a\000d\000e\000:\000:\000T\000e\000x\000t\000\040\000S\000t\000r\000u\000c\000t\000\040\000R\000e\000f\000e\000r\000e\000n\000c\000e}{chapter.3}% 21
